This is pdfTeX, Version 3.14159-14h-released-20010417 (Web2C 7.3.3.1) (format=pdflatex 2003.2.18)  14 OCT 2004 10:19
**\nonstopmode \input /afs/cs.wisc.edu/u/h/y/hyungjun/Rlibs/HEM/inst/doc/hem.te
x
(/afs/cs.wisc.edu/u/h/y/hyungjun/Rlibs/HEM/inst/doc/hem.tex
(/usr/share/texmf/tex/latex/base/article.cls
Document Class: article 2001/04/21 v1.4e Standard LaTeX document class
(/usr/share/texmf/tex/latex/base/size12.clo
File: size12.clo 2001/04/21 v1.4e Standard LaTeX file (size option)
)
\c@part=\count79
\c@section=\count80
\c@subsection=\count81
\c@subsubsection=\count82
\c@paragraph=\count83
\c@subparagraph=\count84
\c@figure=\count85
\c@table=\count86
\abovecaptionskip=\skip41
\belowcaptionskip=\skip42
\bibindent=\dimen102
)
(/usr/share/texmf/tex/latex/amsmath/amsmath.sty
Package: amsmath 2000/07/18 v2.13 AMS math features
\@mathmargin=\skip43

For additional information on amsmath, use the `?' option.
(/usr/share/texmf/tex/latex/amsmath/amstext.sty
Package: amstext 2000/06/29 v2.01

(/usr/share/texmf/tex/latex/amsmath/amsgen.sty
File: amsgen.sty 1999/11/30 v2.0
\@emptytoks=\toks14
\ex@=\dimen103
))
(/usr/share/texmf/tex/latex/amsmath/amsbsy.sty
Package: amsbsy 1999/11/29 v1.2d
\pmbraise@=\dimen104
)
(/usr/share/texmf/tex/latex/amsmath/amsopn.sty
Package: amsopn 1999/12/14 v2.01 operator names
)
\inf@bad=\count87
LaTeX Info: Redefining \frac on input line 211.
\uproot@=\count88
\leftroot@=\count89
LaTeX Info: Redefining \overline on input line 307.
\classnum@=\count90
\DOTSCASE@=\count91
LaTeX Info: Redefining \ldots on input line 379.
LaTeX Info: Redefining \dots on input line 382.
LaTeX Info: Redefining \cdots on input line 467.
\Mathstrutbox@=\box26
\strutbox@=\box27
\big@size=\dimen105
LaTeX Font Info:    Redeclaring font encoding OML on input line 567.
LaTeX Font Info:    Redeclaring font encoding OMS on input line 568.
\macc@depth=\count92
\c@MaxMatrixCols=\count93
\dotsspace@=\muskip10
\c@parentequation=\count94
\dspbrk@lvl=\count95
\tag@help=\toks15
\row@=\count96
\column@=\count97
\maxfields@=\count98
\andhelp@=\toks16
\eqnshift@=\dimen106
\alignsep@=\dimen107
\tagshift@=\dimen108
\tagwidth@=\dimen109
\totwidth@=\dimen110
\lineht@=\dimen111
\@envbody=\toks17
\multlinegap=\skip44
\multlinetaggap=\skip45
\mathdisplay@stack=\toks18
LaTeX Info: Redefining \[ on input line 2666.
LaTeX Info: Redefining \] on input line 2667.
)
(/usr/share/texmf/tex/generic/pstricks/pstricks.sty
Package: pstricks 1997/03/25 package wrapper for PSTricks pstricks.tex

(/usr/share/texmf/tex/generic/pstricks/pstricks.tex
`PSTricks' v97 patch 10  <1999/03/24> (tvz)
\pst@dima=\dimen112
\pst@dimb=\dimen113
\pst@dimc=\dimen114
\pst@dimd=\dimen115
\pst@dimg=\dimen116
\pst@dimh=\dimen117
\pst@hbox=\box28
\pst@boxg=\box29
\pst@cnta=\count99
\pst@cntb=\count100
\pst@cntc=\count101
\pst@cntd=\count102
\pst@cntg=\count103
\pst@cnth=\count104
\pst@toks=\toks19
(/usr/share/texmf/tex/generic/pstricks/pstricks.con)
\psunit=\dimen118
\psxunit=\dimen119
\psyunit=\dimen120
\pslinewidth=\dimen121
\pst@customdefs=\toks20
\pslinearc=\dimen122
\everypsbox=\toks21
\psframesep=\dimen123
\pslabelsep=\dimen124
\theoverlaybox=\box30
))
(/usr/share/texmf/tex/latex/hyperref/hyperref.sty
Package: hyperref 2002/08/04 v6.72v Hypertext links for LaTeX

(/usr/share/texmf/tex/latex/graphics/keyval.sty
Package: keyval 1999/03/16 v1.13 key=value parser (DPC)
\KV@toks@=\toks22
)
\@linkdim=\dimen125
\Hy@linkcounter=\count105
\Hy@pagecounter=\count106

(/usr/share/texmf/tex/latex/hyperref/pd1enc.def
File: pd1enc.def 2002/08/04 v6.72v Hyperref: PDFDocEncoding definition (HO)
)
Package hyperref Info: Bookmarks ON on input line 1797.
Package hyperref Info: Hyper figures OFF on input line 1816.
Package hyperref Info: Link nesting OFF on input line 1821.
Package hyperref Info: Hyper index ON on input line 1824.
Package hyperref Info: Plain pages ON on input line 1829.
Package hyperref Info: Backreferencing OFF on input line 1836.

Implicit mode ON; LaTeX internals redefined
(/usr/share/texmf/tex/latex/html/url.sty
Package: url 1999/03/02  ver 1.4  Verb mode for urls, email addresses, and file
 names
)
LaTeX Info: Redefining \url on input line 2048.
\Fld@menulength=\count107
\Field@Width=\dimen126
\Fld@charsize=\dimen127
\Choice@toks=\toks23
\Field@toks=\toks24
Package hyperref Info: Hyper figures OFF on input line 2506.
Package hyperref Info: Link nesting OFF on input line 2511.
Package hyperref Info: Hyper index ON on input line 2514.
Package hyperref Info: backreferencing OFF on input line 2521.
Package hyperref Info: Link coloring OFF on input line 2526.
\c@Item=\count108
\c@Hfootnote=\count109
)
*hyperref using default driver hpdftex*
(/usr/share/texmf/tex/latex/hyperref/hpdftex.def
File: hpdftex.def 2002/08/04 v6.72v Hyperref driver for pdfTeX

(/usr/share/texmf/tex/latex/psnfss/pifont.sty
Package: pifont 2001/06/04 PSNFSS-v8.2 Pi font support (SPQR) 
LaTeX Font Info:    Try loading font information for U+pzd on input line 62.

(/usr/share/texmf/tex/latex/psnfss/upzd.fd
File: upzd.fd 2001/06/04 font definitions for U/pzd.
)
LaTeX Font Info:    Try loading font information for U+psy on input line 63.

(/usr/share/texmf/tex/latex/psnfss/upsy.fd
File: upsy.fd 2001/06/04 font definitions for U/psy.
))
\Fld@listcount=\count110
\@outlinefile=\write3
)
(/usr/share/texmf/tex/latex/natbib/natbib.sty
Package: natbib 1999/05/28 7.0 (PWD)
\bibhang=\skip46
\bibsep=\skip47
LaTeX Info: Redefining \cite on input line 508.
\c@NAT@ctr=\count111
)
(/unsup/R-2.0.0/lib/R/share/texmf/Sweave.sty
(/usr/share/texmf/tex/latex/base/fontenc.sty
Package: fontenc 2001/06/05 v1.94 Standard LaTeX package

(/usr/share/texmf/tex/latex/base/t1enc.def
File: t1enc.def 2001/06/05 v1.94 Standard LaTeX file
LaTeX Font Info:    Redeclaring font encoding T1 on input line 38.
))
(/usr/share/texmf/tex/latex/graphics/graphicx.sty
Package: graphicx 1999/02/16 v1.0f Enhanced LaTeX Graphics (DPC,SPQR)

(/usr/share/texmf/tex/latex/graphics/graphics.sty
Package: graphics 2001/07/07 v1.0n Standard LaTeX Graphics (DPC,SPQR)

(/usr/share/texmf/tex/latex/graphics/trig.sty
Package: trig 1999/03/16 v1.09 sin cos tan (DPC)
)
(/usr/share/texmf/tex/latex/config/graphics.cfg)
Package graphics Info: Driver file: pdftex.def on input line 80.

(/usr/share/texmf/tex/latex/graphics/pdftex.def
File: pdftex.def 2001/11/29 v0.03i graphics/color for pdftex
\Gread@gobject=\count112
))
\Gin@req@height=\dimen128
\Gin@req@width=\dimen129
)
(/usr/share/texmf/tex/latex/ae/ae.sty
Package: ae 1998/11/17 1.0 Almost European Computer Modern

(/usr/share/texmf/tex/latex/base/fontenc.sty
Package: fontenc 2001/06/05 v1.94 Standard LaTeX package

(/usr/share/texmf/tex/latex/base/t1enc.def
File: t1enc.def 2001/06/05 v1.94 Standard LaTeX file
LaTeX Font Info:    Redeclaring font encoding T1 on input line 38.
)
LaTeX Font Info:    Try loading font information for T1+aer on input line 95.

(/usr/share/texmf/tex/latex/ae/t1aer.fd
File: t1aer.fd 1997/11/16 Font definitions for T1/aer.
)))
(/usr/share/texmf/tex/latex/fancyvrb/fancyvrb.sty
Package: fancyvrb 1998/07/17

Style option: `fancyvrb' v2.6, with DG/SPQR fixes <1998/07/17> (tvz)
\FV@CodeLineNo=\count113
\FV@InFile=\read1
\FV@TabBox=\box31
\c@FancyVerbLine=\count114
\FV@StepNumber=\count115
\FV@OutFile=\write4

No file fancyvrb.cfg.
) (/unsup/R-2.0.0/lib/R/share/texmf/upquote.sty
Package: upquote 2003/08/11 v1.1 Covington's upright-quote modification to verb
atim and verb

(/usr/share/texmf/tex/latex/base/textcomp.sty
Package: textcomp 2001/06/05 v1.94 Standard LaTeX package

(/usr/share/texmf/tex/latex/base/ts1enc.def
File: ts1enc.def 2001/06/05 v3.0e (jk/car/fm) Standard LaTeX file
)))) (./hem.aux)
\openout1 = `hem.aux'.

LaTeX Font Info:    Checking defaults for OML/cmm/m/it on input line 29.
LaTeX Font Info:    ... okay on input line 29.
LaTeX Font Info:    Checking defaults for T1/cmr/m/n on input line 29.
LaTeX Font Info:    ... okay on input line 29.
LaTeX Font Info:    Checking defaults for OT1/cmr/m/n on input line 29.
LaTeX Font Info:    ... okay on input line 29.
LaTeX Font Info:    Checking defaults for OMS/cmsy/m/n on input line 29.
LaTeX Font Info:    ... okay on input line 29.
LaTeX Font Info:    Checking defaults for OMX/cmex/m/n on input line 29.
LaTeX Font Info:    ... okay on input line 29.
LaTeX Font Info:    Checking defaults for U/cmr/m/n on input line 29.
LaTeX Font Info:    ... okay on input line 29.
LaTeX Font Info:    Checking defaults for PD1/pdf/m/n on input line 29.
LaTeX Font Info:    ... okay on input line 29.
LaTeX Font Info:    Checking defaults for TS1/cmr/m/n on input line 29.
LaTeX Font Info:    Try loading font information for TS1+cmr on input line 29.

(/usr/share/texmf/tex/latex/base/ts1cmr.fd
File: ts1cmr.fd 1999/05/25 v2.5h Standard LaTeX font definitions
)
LaTeX Font Info:    ... okay on input line 29.
Package hyperref Info: Link coloring OFF on input line 29.

(/usr/share/texmf/tex/latex/hyperref/nameref.sty
Package: nameref 2001/01/27 v2.19 Cross-referencing by name of section
\c@section@level=\count116
)
LaTeX Info: Redefining \ref on input line 29.
LaTeX Info: Redefining \pageref on input line 29.
 (./hem.out) (./hem.out)
\openout3 = `hem.out'.


(/usr/share/texmf/tex/context/base/supp-pdf.tex
(/usr/share/texmf/tex/context/base/supp-mis.tex
loading : Context Support Macros / Missing
\protectiondepth=\count117
\scratchcounter=\count118
\scratchtoks=\toks25
\scratchdimen=\dimen130
\scratchskip=\skip48
\scratchmuskip=\muskip11
\scratchbox=\box32
\scratchread=\read2
\scratchwrite=\write5
\zeropoint=\dimen131
\nextbox=\box33
\nextdepth=\dimen132
\everyline=\toks26
\!!counta=\count119
\!!countb=\count120
\recursecounter=\count121
)
loading : Context Support Macros / PDF
\nofMPsegments=\count122
\nofMParguments=\count123
\everyMPtoPDFconversion=\toks27
) (./hem.toc)
\tf@toc=\write6
\openout6 = `hem.toc'.

LaTeX Font Info:    Try loading font information for TS1+aer on input line 42.
 (/unsup/R-2.0.0/lib/R/share/texmf/ts1aer.fd
File: ts1aer.fd 
)
LaTeX Font Info:    Font shape `TS1/aer/m/n' in size <12> not available
(Font)              Font shape `TS1/cmr/m/n' tried instead on input line 42.

Overfull \vbox (21.68121pt too high) has occurred while \output is active []


[1
Non-PDF special ignored!
Non-PDF special ignored!

{/usr/share/texmf/dvips/config/pdftex.map}]
LaTeX Font Info:    Try loading font information for T1+aett on input line 49.

(/usr/share/texmf/tex/latex/ae/t1aett.fd
File: t1aett.fd 1997/11/16 Font definitions for T1/aett.
)
Overfull \hbox (5.65244pt too wide) in paragraph at lines 55--62
[]/aer12/The re-main-ing sec-tions are or-ga-nized as ex-plained be-low.Section
 2 de-scribes a Bayesian
 []


Overfull \vbox (21.68121pt too high) has occurred while \output is active []


[2]
Overfull \vbox (21.68121pt too high) has occurred while \output is active []


[3]
Overfull \vbox (21.68121pt too high) has occurred while \output is active []


[4]
Overfull \vbox (21.68121pt too high) has occurred while \output is active []


[5]
Overfull \vbox (21.68121pt too high) has occurred while \output is active []


[6]
Overfull \hbox (4.50038pt too wide) in paragraph at lines 335--342
/aer12/sents one-layer HEM and the miss-ing ar-gu-ment /aeti12/method.var.t=1 /
aer12/rep-re-sents $[]/cmr12/(/cmmi12/^^K[]; ^^L[]/cmr12/)$
 []


Overfull \vbox (21.68121pt too high) has occurred while \output is active []


[7]
Overfull \hbox (26.85864pt too wide) in paragraph at lines 396--396
[]/aett12/> mubcp.hem <- hem(mubcp.nor, n.layer=1, design=design,              
#fit HEM[] 
 []


Overfull \hbox (26.85864pt too wide) in paragraph at lines 396--396
[]/aett12/> mubcp.fdr <- hem.fdr(mubcp.nor, n.layer=1, design=design,          
#get FDR[] 
 []


Overfull \vbox (21.68121pt too high) has occurred while \output is active []


[8]
Overfull \hbox (13.79878pt too wide) in paragraph at lines 404--406
/aer12/This sec-tion ex-plains the ar-gu-ments and val-ues of three main func-t
ions (/aett12/hem/aer12/, /aett12/hem.eb.prior/aer12/,
 []


Overfull \hbox (69.37271pt too wide) in paragraph at lines 425--428
[]/aeti12/method.var.e/aer12/: prior spec-i-fi-ca-tion method for ex-per-i-men-
tal vari-ance; "gam"=Gamma(alpha,beta),
 []


Overfull \hbox (51.2768pt too wide) in paragraph at lines 428--431
[]/aeti12/method.var.b/aer12/: prior spec-i-fi-ca-tion method for bi-o-log-i-ca
l vari-ance; "gam"=Gamma(alpha,beta),
 []


Overfull \hbox (29.07698pt too wide) in paragraph at lines 431--433
[] /aeti12/method.var.t/aer12/: prior spec-i-fi-ca-tion method for to-tal vari-
ance; "gam"=Gamma(alpha,beta),
 []


Overfull \vbox (21.68121pt too high) has occurred while \output is active []


[9]
Overfull \vbox (21.68121pt too high) has occurred while \output is active []


[10]
Overfull \hbox (39.19455pt too wide) in paragraph at lines 500--500
[]/aett12/hem.fdr(x, tr=" ", n.layer, design, hem.out, eb.out=NULL, n.iter=5, q
.trim=0.9,[] 
 []


Overfull \hbox (2.18683pt too wide) in paragraph at lines 500--500
[]        /aett12/target.fdr=c(0.001,0.005,0.01,0.05,0.1,0.15,0.20,0.30,0.40,0.
50),[] 
 []


Overfull \vbox (21.68121pt too high) has occurred while \output is active []


[11] (./hem.aux) ) 
Here is how much of TeX's memory you used:
 5157 strings out of 50453
 66171 string characters out of 688420
 126579 words of memory out of 1500001
 8055 multiletter control sequences out of 10000+25000
 28634 words of font info for 66 fonts, out of 400000 for 1000
 14 hyphenation exceptions out of 10000
 35i,6n,36p,322b,320s stack positions out of 3000i,500n,3000p,50000b,5000s
</usr/share/texmf/fonts/type1/bluesky/cm/cmex10.pfb></usr/sha
re/texmf/fonts/type1/bluesky/cm/cmsy8.pfb></usr/share/texmf/fonts/type1/bluesky
/cm/cmmi6.pfb></usr/share/texmf/fonts/type1/bluesky/cm/cmr8.pfb></usr/share/tex
mf/fonts/type1/bluesky/cm/cmsy10.pfb></usr/share/texmf/fonts/type1/bluesky/cm/c
mmi8.pfb></usr/share/texmf/fonts/type1/bluesky/cm/cmmi12.pfb></usr/share/texmf/
fonts/type1/bluesky/cm/cmtt12.pfb> </var/lib/texmf/pk/ljfour/jknappen/tc/tcrm12
00.600pk></usr/share/texmf/fonts/type1/bluesky/cm/cmti12.pfb></usr/share/texmf/
fonts/type1/bluesky/cm/cmbx12.pfb></usr/share/texmf/fonts/type1/bluesky/cm/cmr1
2.pfb></usr/share/texmf/fonts/type1/bluesky/cm/cmr17.pfb>
Output written on hem.pdf (11 pages, 122317 bytes).
